<?xml version="1.0" encoding="utf-8"?>
<email>
<customfield1>a test</customfield1>
<customfield2> Esq.</customfield2>
<customfield3>some.cc@mailinator.com</customfield3>
</email>
